<?xml version="1.0" encoding="UTF-8"?>
<testng-results ignored="0" total="2" passed="2" failed="0" skipped="0">
  <reporter-output>
  </reporter-output>
  <suite started-at="2021-05-11T06:21:47Z" name="Suite" finished-at="2021-05-11T06:21:50Z" duration-ms="2825">
    <groups>
      <group name="cucumber">
        <method signature="AbstractTestNGCucumberTests.runScenario(io.cucumber.testng.PickleWrapper, io.cucumber.testng.FeatureWrapper)[pri:0, instance:com.test.APIAutomation.OneDat.RunnerClasses.TestRunner@3adcc812]" name="runScenario" class="io.cucumber.testng.AbstractTestNGCucumberTests"/>
      </group> <!-- cucumber -->
    </groups>
    <test started-at="2021-05-11T06:21:47Z" name="Test" finished-at="2021-05-11T06:21:50Z" duration-ms="2825">
      <class name="com.test.APIAutomation.OneDat.RunnerClasses.TestRunner">
        <test-method is-config="true" signature="setUpClass()[pri:0, instance:com.test.APIAutomation.OneDat.RunnerClasses.TestRunner@3adcc812]" started-at="2021-05-11T06:21:47Z" name="setUpClass" finished-at="2021-05-11T06:21:47Z" duration-ms="365" status="PASS">
          <reporter-output>
          </reporter-output>
        </test-method> <!-- setUpClass -->
        <test-method signature="runScenario(io.cucumber.testng.PickleWrapper, io.cucumber.testng.FeatureWrapper)[pri:0, instance:com.test.APIAutomation.OneDat.RunnerClasses.TestRunner@3adcc812]" started-at="2021-05-11T06:21:48Z" name="runScenario" description="Runs Cucumber Scenarios" data-provider="scenarios" finished-at="2021-05-11T06:21:50Z" duration-ms="2177" status="PASS">
          <params>
            <param index="0">
              <value>
                <![CDATA["Verify adding book api's using AddBookApi"]]>
              </value>
            </param>
            <param index="1">
              <value>
                <![CDATA["Optional[Validating Library Api's]"]]>
              </value>
            </param>
          </params>
          <reporter-output>
          </reporter-output>
        </test-method> <!-- runScenario -->
        <test-method signature="runScenario(io.cucumber.testng.PickleWrapper, io.cucumber.testng.FeatureWrapper)[pri:0, instance:com.test.APIAutomation.OneDat.RunnerClasses.TestRunner@3adcc812]" started-at="2021-05-11T06:21:50Z" name="runScenario" description="Runs Cucumber Scenarios" data-provider="scenarios" finished-at="2021-05-11T06:21:50Z" duration-ms="180" status="PASS">
          <params>
            <param index="0">
              <value>
                <![CDATA["verify delete book api's using DeleteBookApi"]]>
              </value>
            </param>
            <param index="1">
              <value>
                <![CDATA["Optional[Validating Library Api's]"]]>
              </value>
            </param>
          </params>
          <reporter-output>
          </reporter-output>
        </test-method> <!-- runScenario -->
        <test-method is-config="true" signature="tearDownClass()[pri:0, instance:com.test.APIAutomation.OneDat.RunnerClasses.TestRunner@3adcc812]" started-at="2021-05-11T06:21:50Z" name="tearDownClass" finished-at="2021-05-11T06:21:50Z" duration-ms="86" status="PASS">
          <reporter-output>
          </reporter-output>
        </test-method> <!-- tearDownClass -->
      </class> <!-- com.test.APIAutomation.OneDat.RunnerClasses.TestRunner -->
    </test> <!-- Test -->
  </suite> <!-- Suite -->
</testng-results>
